2017-07-14 16:51:16,156 [Worker-68] INFO  o.e.m.c.i.p.ProjectConfigurationManager - Collecting project info '/pom.xml' D:\ABCofSpring\SpringMVC\pom.xml
2017-07-14 16:51:24,640 [Worker-68] INFO  o.e.m.c.i.l.LifecycleMappingFactory - Using org.eclipse.m2e.jdt.JarLifecycleMapping lifecycle mapping for MavenProject: com.spring4:SpringMVC:0.0.1-SNAPSHOT @ D:\ABCofSpring\SpringMVC\pom.xml.
2017-07-14 16:51:26,699 [Worker-68] INFO  o.e.m.j.i.AbstractJavaProjectConfigurator - Adding source folder /SpringMVC/src/main/java
2017-07-14 16:51:26,715 [Worker-68] INFO  o.e.m.j.i.AbstractJavaProjectConfigurator - Adding source folder /SpringMVC/src/test/java
2017-07-14 16:51:26,980 [Worker-68] INFO  o.e.m.c.i.p.ProjectConfigurationManager - Imported and configured 1 project(s) in 10 sec
2017-07-14 16:51:27,699 [Worker-70] INFO  o.e.m.c.i.embedder.EclipseLogger - Using 'UTF-8' encoding to copy filtered resources.
2017-07-14 16:51:27,699 [Worker-70] INFO  o.e.m.c.i.embedder.EclipseLogger - skip non existing resourceDirectory D:\ABCofSpring\SpringMVC\src\main\resources
2017-07-14 16:51:27,699 [Worker-70] INFO  o.e.m.c.i.embedder.EclipseLogger - Using 'UTF-8' encoding to copy filtered resources.
2017-07-14 16:51:27,699 [Worker-70] INFO  o.e.m.c.i.embedder.EclipseLogger - skip non existing resourceDirectory D:\ABCofSpring\SpringMVC\src\test\resources
2017-07-14 16:58:10,888 [Worker-69] INFO  o.e.m.c.i.l.LifecycleMappingFactory - Using org.eclipse.m2e.jdt.JarLifecycleMapping lifecycle mapping for MavenProject: com.spring4:SpringMVC:0.0.1-SNAPSHOT @ D:\ABCofSpring\SpringMVC\pom.xml.
2017-07-14 16:58:12,735 [Worker-69] INFO  o.e.m.c.i.e.AbstractTransferListenerAdapter - Downloading https://repo.maven.apache.org/maven2/org/springframework/spring-core/4.1.4.RELEASE/spring-core-4.1.4.RELEASE.pom
2017-07-14 16:58:13,126 [Worker-69] INFO  o.e.m.c.i.e.AbstractTransferListenerAdapter - Downloaded https://repo.maven.apache.org/maven2/org/springframework/spring-core/4.1.4.RELEASE/spring-core-4.1.4.RELEASE.pom
2017-07-14 16:58:13,454 [Worker-69] INFO  o.e.m.c.i.e.AbstractTransferListenerAdapter - Downloading https://repo.maven.apache.org/maven2/commons-logging/commons-logging/1.2/commons-logging-1.2.pom
2017-07-14 16:58:14,079 [Worker-69] INFO  o.e.m.c.i.e.AbstractTransferListenerAdapter - Downloaded https://repo.maven.apache.org/maven2/commons-logging/commons-logging/1.2/commons-logging-1.2.pom
2017-07-14 16:58:14,392 [Worker-69] INFO  o.e.m.c.i.e.AbstractTransferListenerAdapter - Downloading https://repo.maven.apache.org/maven2/org/apache/commons/commons-parent/34/commons-parent-34.pom
2017-07-14 16:58:15,095 [Worker-69] INFO  o.e.m.c.i.e.AbstractTransferListenerAdapter - Downloaded https://repo.maven.apache.org/maven2/org/apache/commons/commons-parent/34/commons-parent-34.pom
2017-07-14 16:58:15,423 [Worker-69] INFO  o.e.m.c.i.e.AbstractTransferListenerAdapter - Downloading https://repo.maven.apache.org/maven2/org/springframework/spring-webmvc/4.1.4.RELEASE/spring-webmvc-4.1.4.RELEASE.pom
2017-07-14 16:58:15,767 [Worker-69] INFO  o.e.m.c.i.e.AbstractTransferListenerAdapter - Downloaded https://repo.maven.apache.org/maven2/org/springframework/spring-webmvc/4.1.4.RELEASE/spring-webmvc-4.1.4.RELEASE.pom
2017-07-14 16:58:16,095 [Worker-69] INFO  o.e.m.c.i.e.AbstractTransferListenerAdapter - Downloading https://repo.maven.apache.org/maven2/org/springframework/spring-beans/4.1.4.RELEASE/spring-beans-4.1.4.RELEASE.pom
2017-07-14 16:58:16,407 [Worker-69] INFO  o.e.m.c.i.e.AbstractTransferListenerAdapter - Downloaded https://repo.maven.apache.org/maven2/org/springframework/spring-beans/4.1.4.RELEASE/spring-beans-4.1.4.RELEASE.pom
2017-07-14 16:58:16,735 [Worker-69] INFO  o.e.m.c.i.e.AbstractTransferListenerAdapter - Downloading https://repo.maven.apache.org/maven2/org/springframework/spring-context/4.1.4.RELEASE/spring-context-4.1.4.RELEASE.pom
2017-07-14 16:58:17,032 [Worker-69] INFO  o.e.m.c.i.e.AbstractTransferListenerAdapter - Downloaded https://repo.maven.apache.org/maven2/org/springframework/spring-context/4.1.4.RELEASE/spring-context-4.1.4.RELEASE.pom
2017-07-14 16:58:17,345 [Worker-69] INFO  o.e.m.c.i.e.AbstractTransferListenerAdapter - Downloading https://repo.maven.apache.org/maven2/org/springframework/spring-aop/4.1.4.RELEASE/spring-aop-4.1.4.RELEASE.pom
2017-07-14 16:58:17,671 [Worker-69] INFO  o.e.m.c.i.e.AbstractTransferListenerAdapter - Downloaded https://repo.maven.apache.org/maven2/org/springframework/spring-aop/4.1.4.RELEASE/spring-aop-4.1.4.RELEASE.pom
2017-07-14 16:58:17,999 [Worker-69] INFO  o.e.m.c.i.e.AbstractTransferListenerAdapter - Downloading https://repo.maven.apache.org/maven2/org/springframework/spring-expression/4.1.4.RELEASE/spring-expression-4.1.4.RELEASE.pom
2017-07-14 16:58:18,311 [Worker-69] INFO  o.e.m.c.i.e.AbstractTransferListenerAdapter - Downloaded https://repo.maven.apache.org/maven2/org/springframework/spring-expression/4.1.4.RELEASE/spring-expression-4.1.4.RELEASE.pom
2017-07-14 16:58:18,608 [Worker-69] INFO  o.e.m.c.i.e.AbstractTransferListenerAdapter - Downloading https://repo.maven.apache.org/maven2/org/springframework/spring-web/4.1.4.RELEASE/spring-web-4.1.4.RELEASE.pom
2017-07-14 16:58:18,952 [Worker-69] INFO  o.e.m.c.i.e.AbstractTransferListenerAdapter - Downloaded https://repo.maven.apache.org/maven2/org/springframework/spring-web/4.1.4.RELEASE/spring-web-4.1.4.RELEASE.pom
2017-07-14 16:58:19,280 [Worker-69] INFO  o.e.m.c.i.e.AbstractTransferListenerAdapter - Downloading https://repo.maven.apache.org/maven2/org/springframework/spring-core/4.1.4.RELEASE/spring-core-4.1.4.RELEASE.jar
2017-07-14 16:58:21,338 [Worker-69] INFO  o.e.m.c.i.e.AbstractTransferListenerAdapter - Downloaded https://repo.maven.apache.org/maven2/org/springframework/spring-core/4.1.4.RELEASE/spring-core-4.1.4.RELEASE.jar
2017-07-14 16:58:21,635 [Worker-69] INFO  o.e.m.c.i.e.AbstractTransferListenerAdapter - Downloading https://repo.maven.apache.org/maven2/commons-logging/commons-logging/1.2/commons-logging-1.2.jar
2017-07-14 16:58:21,975 [Worker-69] INFO  o.e.m.c.i.e.AbstractTransferListenerAdapter - Downloaded https://repo.maven.apache.org/maven2/commons-logging/commons-logging/1.2/commons-logging-1.2.jar
2017-07-14 16:58:22,272 [Worker-69] INFO  o.e.m.c.i.e.AbstractTransferListenerAdapter - Downloading https://repo.maven.apache.org/maven2/org/springframework/spring-webmvc/4.1.4.RELEASE/spring-webmvc-4.1.4.RELEASE.jar
2017-07-14 16:58:22,741 [Worker-69] INFO  o.e.m.c.i.e.AbstractTransferListenerAdapter - Downloaded https://repo.maven.apache.org/maven2/org/springframework/spring-webmvc/4.1.4.RELEASE/spring-webmvc-4.1.4.RELEASE.jar
2017-07-14 16:58:23,038 [Worker-69] INFO  o.e.m.c.i.e.AbstractTransferListenerAdapter - Downloading https://repo.maven.apache.org/maven2/org/springframework/spring-beans/4.1.4.RELEASE/spring-beans-4.1.4.RELEASE.jar
2017-07-14 16:58:23,476 [Worker-69] INFO  o.e.m.c.i.e.AbstractTransferListenerAdapter - Downloaded https://repo.maven.apache.org/maven2/org/springframework/spring-beans/4.1.4.RELEASE/spring-beans-4.1.4.RELEASE.jar
2017-07-14 16:58:23,773 [Worker-69] INFO  o.e.m.c.i.e.AbstractTransferListenerAdapter - Downloading https://repo.maven.apache.org/maven2/org/springframework/spring-context/4.1.4.RELEASE/spring-context-4.1.4.RELEASE.jar
2017-07-14 16:58:24,257 [Worker-69] INFO  o.e.m.c.i.e.AbstractTransferListenerAdapter - Downloaded https://repo.maven.apache.org/maven2/org/springframework/spring-context/4.1.4.RELEASE/spring-context-4.1.4.RELEASE.jar
2017-07-14 16:58:24,554 [Worker-69] INFO  o.e.m.c.i.e.AbstractTransferListenerAdapter - Downloading https://repo.maven.apache.org/maven2/org/springframework/spring-aop/4.1.4.RELEASE/spring-aop-4.1.4.RELEASE.jar
2017-07-14 16:58:24,929 [Worker-69] INFO  o.e.m.c.i.e.AbstractTransferListenerAdapter - Downloaded https://repo.maven.apache.org/maven2/org/springframework/spring-aop/4.1.4.RELEASE/spring-aop-4.1.4.RELEASE.jar
2017-07-14 16:58:25,226 [Worker-69] INFO  o.e.m.c.i.e.AbstractTransferListenerAdapter - Downloading https://repo.maven.apache.org/maven2/org/springframework/spring-expression/4.1.4.RELEASE/spring-expression-4.1.4.RELEASE.jar
2017-07-14 16:58:25,585 [Worker-69] INFO  o.e.m.c.i.e.AbstractTransferListenerAdapter - Downloaded https://repo.maven.apache.org/maven2/org/springframework/spring-expression/4.1.4.RELEASE/spring-expression-4.1.4.RELEASE.jar
2017-07-14 16:58:25,866 [Worker-69] INFO  o.e.m.c.i.e.AbstractTransferListenerAdapter - Downloading https://repo.maven.apache.org/maven2/org/springframework/spring-web/4.1.4.RELEASE/spring-web-4.1.4.RELEASE.jar
2017-07-14 16:58:26,445 [Worker-69] INFO  o.e.m.c.i.e.AbstractTransferListenerAdapter - Downloaded https://repo.maven.apache.org/maven2/org/springframework/spring-web/4.1.4.RELEASE/spring-web-4.1.4.RELEASE.jar
2017-07-14 16:58:29,898 [Worker-69] INFO  o.e.m.c.i.embedder.EclipseLogger - Using 'UTF-8' encoding to copy filtered resources.
2017-07-14 16:58:29,898 [Worker-69] INFO  o.e.m.c.i.embedder.EclipseLogger - skip non existing resourceDirectory D:\ABCofSpring\SpringMVC\src\main\resources
2017-07-14 16:58:29,898 [Worker-69] INFO  o.e.m.c.i.embedder.EclipseLogger - Using 'UTF-8' encoding to copy filtered resources.
2017-07-14 16:58:29,898 [Worker-69] INFO  o.e.m.c.i.embedder.EclipseLogger - skip non existing resourceDirectory D:\ABCofSpring\SpringMVC\src\test\resources
2017-07-14 16:58:31,398 [Worker-75] INFO  o.e.m.c.i.embedder.EclipseLogger - Using 'UTF-8' encoding to copy filtered resources.
2017-07-14 16:58:31,398 [Worker-75] INFO  o.e.m.c.i.embedder.EclipseLogger - skip non existing resourceDirectory D:\ABCofSpring\SpringMVC\src\main\resources
2017-07-14 16:58:31,398 [Worker-75] INFO  o.e.m.c.i.embedder.EclipseLogger - Using 'UTF-8' encoding to copy filtered resources.
2017-07-14 16:58:31,398 [Worker-75] INFO  o.e.m.c.i.embedder.EclipseLogger - skip non existing resourceDirectory D:\ABCofSpring\SpringMVC\src\test\resources
2017-07-14 16:59:03,329 [Worker-76] INFO  o.e.m.c.i.l.LifecycleMappingFactory - Using org.maven.ide.eclipse.wtp.WarLifecycleMapping lifecycle mapping for MavenProject: com.mkyong:spring3-mvc-maven-xml-hello-world:1.0-SNAPSHOT @ D:\spring3-mvc-maven-xml-hello-world\pom.xml.
2017-07-14 16:59:13,666 [Worker-76] INFO  o.e.m.j.i.AbstractJavaProjectConfigurator - Adding source folder /spring3-mvc-maven-xml-hello-world/src/main/java
2017-07-14 16:59:13,666 [Worker-76] INFO  o.e.m.j.i.AbstractJavaProjectConfigurator - Adding resource folder /spring3-mvc-maven-xml-hello-world/src/main/resources
2017-07-14 16:59:13,666 [Worker-76] INFO  o.e.m.j.i.AbstractJavaProjectConfigurator - Adding source folder /spring3-mvc-maven-xml-hello-world/src/test/java
2017-07-14 16:59:15,041 [Worker-76] INFO  o.e.m.c.i.p.ProjectConfigurationManager - Imported and configured 1 project(s) in 18 sec
2017-07-14 16:59:26,227 [Worker-69] WARN  o.e.m.c.i.embedder.EclipseLogger - Using platform encoding (Cp1252 actually) to copy filtered resources, i.e. build is platform dependent!
2017-07-14 16:59:26,352 [Worker-69] INFO  o.e.m.c.i.embedder.EclipseLogger - Copying 0 resource
2017-07-14 16:59:26,352 [Worker-69] WARN  o.e.m.c.i.embedder.EclipseLogger - Using platform encoding (Cp1252 actually) to copy filtered resources, i.e. build is platform dependent!
2017-07-14 16:59:26,368 [Worker-69] INFO  o.e.m.c.i.embedder.EclipseLogger - skip non existing resourceDirectory D:\spring3-mvc-maven-xml-hello-world\src\test\resources
2017-07-14 16:59:57,203 [main] INFO  o.e.m2e.actions.ExecutePomAction - Creating new launch configuration
2017-07-14 17:11:10,999 [main] INFO  o.e.m2e.actions.ExecutePomAction - Creating new launch configuration
2017-07-14 17:11:24,196 [Worker-78] INFO  o.e.m.i.launch.MavenLaunchDelegate - D:\ABCofSpring\SpringMVC
2017-07-14 17:11:24,196 [Worker-78] INFO  o.e.m.i.launch.MavenLaunchDelegate -  mvn  -B install
2017-07-14 17:57:26,427 [ModalContext] INFO  o.e.m.c.i.e.AbstractTransferListenerAdapter - Downloading https://repo.maven.apache.org/maven2/org/apache/maven/archetypes/maven-archetype-webapp/1.0/maven-archetype-webapp-1.0.jar
2017-07-14 17:57:26,832 [ModalContext] INFO  o.e.m.c.i.e.AbstractTransferListenerAdapter - Downloaded https://repo.maven.apache.org/maven2/org/apache/maven/archetypes/maven-archetype-webapp/1.0/maven-archetype-webapp-1.0.jar
2017-07-14 17:57:27,148 [ModalContext] INFO  o.e.m.c.i.e.AbstractTransferListenerAdapter - Downloading https://repo.maven.apache.org/maven2/org/apache/maven/archetypes/maven-archetype-webapp/1.0/maven-archetype-webapp-1.0.pom
2017-07-14 17:57:27,463 [ModalContext] INFO  o.e.m.c.i.e.AbstractTransferListenerAdapter - Downloaded https://repo.maven.apache.org/maven2/org/apache/maven/archetypes/maven-archetype-webapp/1.0/maven-archetype-webapp-1.0.pom
2017-07-14 17:57:55,549 [Worker-96] INFO  o.e.m.c.i.p.ProjectConfigurationManager - Collecting project info '/pom.xml' D:\ABCofSpring\SpringMVC\pom.xml
2017-07-14 17:57:56,785 [Worker-96] INFO  o.e.m.c.i.l.LifecycleMappingFactory - Using org.maven.ide.eclipse.wtp.WarLifecycleMapping lifecycle mapping for MavenProject: com.spring:SpringMVC:0.0.1-SNAPSHOT @ D:\ABCofSpring\SpringMVC\pom.xml.
2017-07-14 17:57:57,006 [Worker-96] INFO  o.e.m.j.i.AbstractJavaProjectConfigurator - Adding source folder /SpringMVC/src/main/java
2017-07-14 17:57:57,006 [Worker-96] INFO  o.e.m.j.i.AbstractJavaProjectConfigurator - Adding resource folder /SpringMVC/src/main/resources
2017-07-14 17:57:57,011 [Worker-96] INFO  o.e.m.j.i.AbstractJavaProjectConfigurator - Adding source folder /SpringMVC/src/test/java
2017-07-14 17:57:58,627 [Worker-96] INFO  o.e.m.c.i.p.ProjectConfigurationManager - Imported and configured 1 project(s) in 3 sec
2017-07-14 17:57:58,917 [Worker-95] WARN  o.e.m.c.i.embedder.EclipseLogger - Using platform encoding (Cp1252 actually) to copy filtered resources, i.e. build is platform dependent!
2017-07-14 17:57:59,002 [Worker-95] INFO  o.e.m.c.i.embedder.EclipseLogger - Copying 0 resource
2017-07-14 17:57:59,007 [Worker-95] WARN  o.e.m.c.i.embedder.EclipseLogger - Using platform encoding (Cp1252 actually) to copy filtered resources, i.e. build is platform dependent!
2017-07-14 17:57:59,022 [Worker-95] INFO  o.e.m.c.i.embedder.EclipseLogger - skip non existing resourceDirectory D:\ABCofSpring\SpringMVC\src\test\resources
2017-07-14 18:00:01,181 [Worker-97] INFO  o.e.m.i.launch.MavenLaunchDelegate - D:\ABCofSpring\SpringMVC
2017-07-14 18:00:01,181 [Worker-97] INFO  o.e.m.i.launch.MavenLaunchDelegate -  mvn  -B install
2017-07-14 18:00:04,813 [Worker-95] WARN  o.e.m.c.i.embedder.EclipseLogger - Using platform encoding (Cp1252 actually) to copy filtered resources, i.e. build is platform dependent!
2017-07-14 18:00:04,853 [Worker-95] INFO  o.e.m.c.i.embedder.EclipseLogger - Copying 0 resource
2017-07-14 18:00:04,858 [Worker-95] WARN  o.e.m.c.i.embedder.EclipseLogger - Using platform encoding (Cp1252 actually) to copy filtered resources, i.e. build is platform dependent!
2017-07-14 18:00:04,858 [Worker-95] INFO  o.e.m.c.i.embedder.EclipseLogger - skip non existing resourceDirectory D:\ABCofSpring\SpringMVC\src\test\resources
2017-07-14 18:00:40,911 [Worker-97] WARN  o.e.m.c.i.embedder.EclipseLogger - Using platform encoding (Cp1252 actually) to copy filtered resources, i.e. build is platform dependent!
2017-07-14 18:00:40,926 [Worker-97] INFO  o.e.m.c.i.embedder.EclipseLogger - Copying 0 resource
2017-07-14 18:00:40,931 [Worker-97] WARN  o.e.m.c.i.embedder.EclipseLogger - Using platform encoding (Cp1252 actually) to copy filtered resources, i.e. build is platform dependent!
2017-07-14 18:00:40,941 [Worker-97] INFO  o.e.m.c.i.embedder.EclipseLogger - skip non existing resourceDirectory D:\ABCofSpring\SpringMVC\src\test\resources
2017-07-14 18:03:41,512 [Worker-89] WARN  o.e.m.c.i.embedder.EclipseLogger - Using platform encoding (Cp1252 actually) to copy filtered resources, i.e. build is platform dependent!
2017-07-14 18:03:41,517 [Worker-89] INFO  o.e.m.c.i.embedder.EclipseLogger - Copying 0 resource
2017-07-14 18:03:41,517 [Worker-89] WARN  o.e.m.c.i.embedder.EclipseLogger - Using platform encoding (Cp1252 actually) to copy filtered resources, i.e. build is platform dependent!
2017-07-14 18:03:41,527 [Worker-89] INFO  o.e.m.c.i.embedder.EclipseLogger - skip non existing resourceDirectory D:\ABCofSpring\SpringMVC\src\test\resources
2017-07-14 18:04:31,289 [Worker-89] WARN  o.e.m.c.i.embedder.EclipseLogger - Using platform encoding (Cp1252 actually) to copy filtered resources, i.e. build is platform dependent!
2017-07-14 18:04:31,304 [Worker-89] INFO  o.e.m.c.i.embedder.EclipseLogger - Copying 0 resource
2017-07-14 18:04:31,304 [Worker-89] WARN  o.e.m.c.i.embedder.EclipseLogger - Using platform encoding (Cp1252 actually) to copy filtered resources, i.e. build is platform dependent!
2017-07-14 18:04:31,309 [Worker-89] INFO  o.e.m.c.i.embedder.EclipseLogger - skip non existing resourceDirectory D:\ABCofSpring\SpringMVC\src\test\resources
2017-07-14 18:04:49,428 [Worker-95] WARN  o.e.m.c.i.embedder.EclipseLogger - Using platform encoding (Cp1252 actually) to copy filtered resources, i.e. build is platform dependent!
2017-07-14 18:04:49,433 [Worker-95] INFO  o.e.m.c.i.embedder.EclipseLogger - Copying 0 resource
2017-07-14 18:04:49,433 [Worker-95] WARN  o.e.m.c.i.embedder.EclipseLogger - Using platform encoding (Cp1252 actually) to copy filtered resources, i.e. build is platform dependent!
2017-07-14 18:04:49,438 [Worker-95] INFO  o.e.m.c.i.embedder.EclipseLogger - skip non existing resourceDirectory D:\ABCofSpring\SpringMVC\src\test\resources
2017-07-14 18:09:31,243 [Worker-99] INFO  o.e.m.c.i.l.LifecycleMappingFactory - Using org.eclipse.m2e.jdt.JarLifecycleMapping lifecycle mapping for MavenProject: com.spring4:SpringMVC:0.0.1-SNAPSHOT @ D:\ABCofSpring\SpringMVC\pom.xml.
2017-07-14 18:09:31,707 [Worker-99] INFO  o.e.m.c.i.embedder.EclipseLogger - Using 'UTF-8' encoding to copy filtered resources.
2017-07-14 18:09:31,708 [Worker-99] INFO  o.e.m.c.i.embedder.EclipseLogger - Copying 0 resource
2017-07-14 18:09:31,708 [Worker-99] INFO  o.e.m.c.i.embedder.EclipseLogger - Using 'UTF-8' encoding to copy filtered resources.
2017-07-14 18:09:31,709 [Worker-99] INFO  o.e.m.c.i.embedder.EclipseLogger - skip non existing resourceDirectory D:\ABCofSpring\SpringMVC\src\test\resources
2017-07-14 18:09:32,909 [Worker-97] INFO  o.e.m.c.i.embedder.EclipseLogger - Using 'UTF-8' encoding to copy filtered resources.
2017-07-14 18:09:32,909 [Worker-97] INFO  o.e.m.c.i.embedder.EclipseLogger - Copying 0 resource
2017-07-14 18:09:32,909 [Worker-97] INFO  o.e.m.c.i.embedder.EclipseLogger - Using 'UTF-8' encoding to copy filtered resources.
2017-07-14 18:09:32,909 [Worker-97] INFO  o.e.m.c.i.embedder.EclipseLogger - skip non existing resourceDirectory D:\ABCofSpring\SpringMVC\src\test\resources
2017-07-14 18:09:58,929 [Worker-89] INFO  o.e.m.i.launch.MavenLaunchDelegate - D:\ABCofSpring\SpringMVC
2017-07-14 18:09:58,929 [Worker-89] INFO  o.e.m.i.launch.MavenLaunchDelegate -  mvn  -B install
2017-07-14 18:10:01,999 [Worker-97] INFO  o.e.m.c.i.embedder.EclipseLogger - Using 'UTF-8' encoding to copy filtered resources.
2017-07-14 18:10:01,999 [Worker-97] INFO  o.e.m.c.i.embedder.EclipseLogger - Copying 0 resource
2017-07-14 18:10:01,999 [Worker-97] INFO  o.e.m.c.i.embedder.EclipseLogger - Using 'UTF-8' encoding to copy filtered resources.
2017-07-14 18:10:01,999 [Worker-97] INFO  o.e.m.c.i.embedder.EclipseLogger - skip non existing resourceDirectory D:\ABCofSpring\SpringMVC\src\test\resources
2017-07-14 18:10:06,679 [Worker-105] INFO  o.e.m.c.i.embedder.EclipseLogger - Using 'UTF-8' encoding to copy filtered resources.
2017-07-14 18:10:06,679 [Worker-105] INFO  o.e.m.c.i.embedder.EclipseLogger - Copying 0 resource
2017-07-14 18:10:06,684 [Worker-105] INFO  o.e.m.c.i.embedder.EclipseLogger - Using 'UTF-8' encoding to copy filtered resources.
2017-07-14 18:10:06,684 [Worker-105] INFO  o.e.m.c.i.embedder.EclipseLogger - skip non existing resourceDirectory D:\ABCofSpring\SpringMVC\src\test\resources
2017-07-14 18:17:44,794 [Worker-106] INFO  o.e.m.c.i.l.LifecycleMappingFactory - Using org.eclipse.m2e.jdt.JarLifecycleMapping lifecycle mapping for MavenProject: com.spring4:SpringMVC:0.0.1-SNAPSHOT @ D:\ABCofSpring\SpringMVC\pom.xml.
2017-07-14 18:17:46,407 [Worker-106] INFO  o.e.m.c.i.e.AbstractTransferListenerAdapter - Downloaded https://repo.maven.apache.org/maven2/javax/servlet/servlet-api/3.0.1/servlet-api-3.0.1.pom
2017-07-14 18:17:46,422 [Worker-106] WARN  o.e.m.c.i.embedder.EclipseLogger - The POM for javax.servlet:servlet-api:jar:3.0.1 is missing, no dependency information available
2017-07-14 18:17:47,984 [Worker-106] INFO  o.e.m.c.i.e.AbstractTransferListenerAdapter - Downloaded https://repo.maven.apache.org/maven2/javax/servlet/servlet-api/3.0.1/servlet-api-3.0.1.jar
2017-07-14 18:17:48,099 [Worker-106] INFO  o.e.m.c.i.embedder.EclipseLogger - Using 'UTF-8' encoding to copy filtered resources.
2017-07-14 18:17:48,099 [Worker-106] INFO  o.e.m.c.i.embedder.EclipseLogger - Copying 0 resource
2017-07-14 18:17:48,099 [Worker-106] INFO  o.e.m.c.i.embedder.EclipseLogger - Using 'UTF-8' encoding to copy filtered resources.
2017-07-14 18:17:48,099 [Worker-106] INFO  o.e.m.c.i.embedder.EclipseLogger - skip non existing resourceDirectory D:\ABCofSpring\SpringMVC\src\test\resources
2017-07-14 18:17:48,549 [Worker-110] WARN  o.e.m.c.i.embedder.EclipseLogger - The POM for javax.servlet:servlet-api:jar:3.0.1 is missing, no dependency information available
2017-07-14 18:17:48,584 [Worker-110] INFO  o.e.m.c.i.embedder.EclipseLogger - Using 'UTF-8' encoding to copy filtered resources.
2017-07-14 18:17:48,584 [Worker-110] INFO  o.e.m.c.i.embedder.EclipseLogger - Copying 0 resource
2017-07-14 18:17:48,584 [Worker-110] INFO  o.e.m.c.i.embedder.EclipseLogger - Using 'UTF-8' encoding to copy filtered resources.
2017-07-14 18:17:48,584 [Worker-110] INFO  o.e.m.c.i.embedder.EclipseLogger - skip non existing resourceDirectory D:\ABCofSpring\SpringMVC\src\test\resources
2017-07-14 18:17:55,516 [Worker-108] INFO  o.e.m.i.launch.MavenLaunchDelegate - D:\ABCofSpring\SpringMVC
2017-07-14 18:17:55,516 [Worker-108] INFO  o.e.m.i.launch.MavenLaunchDelegate -  mvn  -B install
2017-07-14 18:19:29,210 [Worker-109] INFO  o.e.m.c.i.l.LifecycleMappingFactory - Using org.eclipse.m2e.jdt.JarLifecycleMapping lifecycle mapping for MavenProject: com.spring4:SpringMVC:0.0.1-SNAPSHOT @ D:\ABCofSpring\SpringMVC\pom.xml.
2017-07-14 18:19:29,370 [Worker-109] INFO  o.e.m.c.i.embedder.EclipseLogger - Using 'UTF-8' encoding to copy filtered resources.
2017-07-14 18:19:29,370 [Worker-109] INFO  o.e.m.c.i.embedder.EclipseLogger - Copying 0 resource
2017-07-14 18:19:29,370 [Worker-109] INFO  o.e.m.c.i.embedder.EclipseLogger - Using 'UTF-8' encoding to copy filtered resources.
2017-07-14 18:19:29,370 [Worker-109] INFO  o.e.m.c.i.embedder.EclipseLogger - skip non existing resourceDirectory D:\ABCofSpring\SpringMVC\src\test\resources
2017-07-14 18:19:30,726 [Worker-110] INFO  o.e.m.c.i.embedder.EclipseLogger - Using 'UTF-8' encoding to copy filtered resources.
2017-07-14 18:19:30,726 [Worker-110] INFO  o.e.m.c.i.embedder.EclipseLogger - Copying 0 resource
2017-07-14 18:19:30,727 [Worker-110] INFO  o.e.m.c.i.embedder.EclipseLogger - Using 'UTF-8' encoding to copy filtered resources.
2017-07-14 18:19:30,727 [Worker-110] INFO  o.e.m.c.i.embedder.EclipseLogger - skip non existing resourceDirectory D:\ABCofSpring\SpringMVC\src\test\resources
2017-07-14 18:19:37,015 [Worker-108] INFO  o.e.m.i.launch.MavenLaunchDelegate - D:\ABCofSpring\SpringMVC
2017-07-14 18:19:37,015 [Worker-108] INFO  o.e.m.i.launch.MavenLaunchDelegate -  mvn  -B install
2017-07-14 18:19:39,670 [Worker-112] INFO  o.e.m.c.i.embedder.EclipseLogger - Using 'UTF-8' encoding to copy filtered resources.
2017-07-14 18:19:39,670 [Worker-112] INFO  o.e.m.c.i.embedder.EclipseLogger - Copying 0 resource
2017-07-14 18:19:39,670 [Worker-112] INFO  o.e.m.c.i.embedder.EclipseLogger - Using 'UTF-8' encoding to copy filtered resources.
2017-07-14 18:19:39,670 [Worker-112] INFO  o.e.m.c.i.embedder.EclipseLogger - skip non existing resourceDirectory D:\ABCofSpring\SpringMVC\src\test\resources
2017-07-14 18:20:41,394 [Worker-108] INFO  o.e.m.c.i.embedder.EclipseLogger - Using 'UTF-8' encoding to copy filtered resources.
2017-07-14 18:20:41,394 [Worker-108] INFO  o.e.m.c.i.embedder.EclipseLogger - Copying 0 resource
2017-07-14 18:20:41,399 [Worker-108] INFO  o.e.m.c.i.embedder.EclipseLogger - Using 'UTF-8' encoding to copy filtered resources.
2017-07-14 18:20:41,399 [Worker-108] INFO  o.e.m.c.i.embedder.EclipseLogger - skip non existing resourceDirectory D:\ABCofSpring\SpringMVC\src\test\resources
2017-07-14 18:22:51,016 [Worker-99] INFO  o.e.m.c.i.embedder.EclipseLogger - Using 'UTF-8' encoding to copy filtered resources.
2017-07-14 18:22:51,016 [Worker-99] INFO  o.e.m.c.i.embedder.EclipseLogger - Copying 0 resource
2017-07-14 18:22:51,016 [Worker-99] INFO  o.e.m.c.i.embedder.EclipseLogger - Using 'UTF-8' encoding to copy filtered resources.
2017-07-14 18:22:51,021 [Worker-99] INFO  o.e.m.c.i.embedder.EclipseLogger - skip non existing resourceDirectory D:\ABCofSpring\SpringMVC\src\test\resources
2017-07-14 18:22:57,568 [Worker-108] INFO  o.e.m.c.i.embedder.EclipseLogger - Using 'UTF-8' encoding to copy filtered resources.
2017-07-14 18:22:57,568 [Worker-108] INFO  o.e.m.c.i.embedder.EclipseLogger - Copying 0 resource
2017-07-14 18:22:57,568 [Worker-108] INFO  o.e.m.c.i.embedder.EclipseLogger - Using 'UTF-8' encoding to copy filtered resources.
2017-07-14 18:22:57,568 [Worker-108] INFO  o.e.m.c.i.embedder.EclipseLogger - skip non existing resourceDirectory D:\ABCofSpring\SpringMVC\src\test\resources
2017-07-14 18:23:12,887 [Worker-108] INFO  o.e.m.c.i.embedder.EclipseLogger - Using 'UTF-8' encoding to copy filtered resources.
2017-07-14 18:23:12,887 [Worker-108] INFO  o.e.m.c.i.embedder.EclipseLogger - Copying 0 resource
2017-07-14 18:23:12,892 [Worker-108] INFO  o.e.m.c.i.embedder.EclipseLogger - Using 'UTF-8' encoding to copy filtered resources.
2017-07-14 18:23:12,892 [Worker-108] INFO  o.e.m.c.i.embedder.EclipseLogger - skip non existing resourceDirectory D:\ABCofSpring\SpringMVC\src\test\resources
2017-07-14 18:23:35,339 [Worker-108] INFO  o.e.m.c.i.embedder.EclipseLogger - Using 'UTF-8' encoding to copy filtered resources.
2017-07-14 18:23:35,339 [Worker-108] INFO  o.e.m.c.i.embedder.EclipseLogger - Copying 0 resource
2017-07-14 18:23:35,339 [Worker-108] INFO  o.e.m.c.i.embedder.EclipseLogger - Using 'UTF-8' encoding to copy filtered resources.
2017-07-14 18:23:35,339 [Worker-108] INFO  o.e.m.c.i.embedder.EclipseLogger - skip non existing resourceDirectory D:\ABCofSpring\SpringMVC\src\test\resources
2017-07-14 18:24:02,779 [Worker-97] INFO  o.e.m.c.i.embedder.EclipseLogger - Using 'UTF-8' encoding to copy filtered resources.
2017-07-14 18:24:02,779 [Worker-97] INFO  o.e.m.c.i.embedder.EclipseLogger - Copying 0 resource
2017-07-14 18:24:02,779 [Worker-97] INFO  o.e.m.c.i.embedder.EclipseLogger - Using 'UTF-8' encoding to copy filtered resources.
2017-07-14 18:24:02,779 [Worker-97] INFO  o.e.m.c.i.embedder.EclipseLogger - skip non existing resourceDirectory D:\ABCofSpring\SpringMVC\src\test\resources
2017-07-14 18:24:11,476 [Worker-110] INFO  o.e.m.c.i.embedder.EclipseLogger - Using 'UTF-8' encoding to copy filtered resources.
2017-07-14 18:24:11,476 [Worker-110] INFO  o.e.m.c.i.embedder.EclipseLogger - Copying 0 resource
2017-07-14 18:24:11,481 [Worker-110] INFO  o.e.m.c.i.embedder.EclipseLogger - Using 'UTF-8' encoding to copy filtered resources.
2017-07-14 18:24:11,481 [Worker-110] INFO  o.e.m.c.i.embedder.EclipseLogger - skip non existing resourceDirectory D:\ABCofSpring\SpringMVC\src\test\resources
2017-07-14 18:28:03,048 [Worker-106] INFO  o.e.m.c.i.embedder.EclipseLogger - Using 'UTF-8' encoding to copy filtered resources.
2017-07-14 18:28:03,048 [Worker-106] INFO  o.e.m.c.i.embedder.EclipseLogger - Copying 0 resource
2017-07-14 18:28:03,048 [Worker-106] INFO  o.e.m.c.i.embedder.EclipseLogger - Using 'UTF-8' encoding to copy filtered resources.
2017-07-14 18:28:03,048 [Worker-106] INFO  o.e.m.c.i.embedder.EclipseLogger - skip non existing resourceDirectory D:\ABCofSpring\SpringMVC\src\test\resources
2017-07-14 18:29:59,299 [Worker-110] INFO  o.e.m.c.i.embedder.EclipseLogger - Using 'UTF-8' encoding to copy filtered resources.
2017-07-14 18:29:59,299 [Worker-110] INFO  o.e.m.c.i.embedder.EclipseLogger - Copying 0 resource
2017-07-14 18:29:59,299 [Worker-110] INFO  o.e.m.c.i.embedder.EclipseLogger - Using 'UTF-8' encoding to copy filtered resources.
2017-07-14 18:29:59,299 [Worker-110] INFO  o.e.m.c.i.embedder.EclipseLogger - skip non existing resourceDirectory D:\ABCofSpring\SpringMVC\src\test\resources
2017-07-14 18:31:22,894 [Worker-118] INFO  o.e.m.c.i.embedder.EclipseLogger - Using 'UTF-8' encoding to copy filtered resources.
2017-07-14 18:31:22,894 [Worker-118] INFO  o.e.m.c.i.embedder.EclipseLogger - Copying 0 resource
2017-07-14 18:31:22,894 [Worker-118] INFO  o.e.m.c.i.embedder.EclipseLogger - Using 'UTF-8' encoding to copy filtered resources.
2017-07-14 18:31:22,894 [Worker-118] INFO  o.e.m.c.i.embedder.EclipseLogger - skip non existing resourceDirectory D:\ABCofSpring\SpringMVC\src\test\resources
2017-07-14 18:38:05,950 [Worker-116] INFO  o.e.m.c.i.embedder.EclipseLogger - Using 'UTF-8' encoding to copy filtered resources.
2017-07-14 18:38:05,950 [Worker-116] INFO  o.e.m.c.i.embedder.EclipseLogger - Copying 0 resource
2017-07-14 18:38:05,950 [Worker-116] INFO  o.e.m.c.i.embedder.EclipseLogger - Using 'UTF-8' encoding to copy filtered resources.
2017-07-14 18:38:05,950 [Worker-116] INFO  o.e.m.c.i.embedder.EclipseLogger - skip non existing resourceDirectory D:\ABCofSpring\SpringMVC\src\test\resources
2017-07-14 18:40:21,268 [Worker-119] INFO  o.e.m.i.launch.MavenLaunchDelegate - D:\ABCofSpring\SpringMVC
2017-07-14 18:40:21,268 [Worker-119] INFO  o.e.m.i.launch.MavenLaunchDelegate -  mvn  -B install
2017-07-15 08:30:41,677 [Worker-250] INFO  o.e.m.i.launch.MavenLaunchDelegate - D:\spring3-mvc-maven-xml-hello-world
2017-07-15 08:30:41,677 [Worker-250] INFO  o.e.m.i.launch.MavenLaunchDelegate -  mvn  -B clean install build
2017-07-15 08:53:57,664 [Worker-265] INFO  o.e.m.i.launch.MavenLaunchDelegate - D:\ABCofSpring\SpringMVC
2017-07-15 08:53:57,664 [Worker-265] INFO  o.e.m.i.launch.MavenLaunchDelegate -  mvn  -B clean
2017-07-15 08:54:11,087 [Worker-256] INFO  o.e.m.i.launch.MavenLaunchDelegate - D:\ABCofSpring\SpringMVC
2017-07-15 08:54:11,087 [Worker-256] INFO  o.e.m.i.launch.MavenLaunchDelegate -  mvn  -B generate-sources
2017-07-15 08:54:34,181 [Worker-264] INFO  o.e.m.c.i.p.ProjectConfigurationManager - Update started
2017-07-15 08:54:38,478 [Worker-264] INFO  o.e.m.c.i.l.LifecycleMappingFactory - Using org.eclipse.m2e.jdt.JarLifecycleMapping lifecycle mapping for MavenProject: com.spring4:SpringMVC:0.0.1-SNAPSHOT @ D:\ABCofSpring\SpringMVC\pom.xml.
2017-07-15 08:54:40,150 [Worker-264] INFO  o.e.m.j.i.AbstractJavaProjectConfigurator - Adding source folder /SpringMVC/src/main/java
2017-07-15 08:54:40,150 [Worker-264] INFO  o.e.m.j.i.AbstractJavaProjectConfigurator - Adding resource folder /SpringMVC/src/main/resources
2017-07-15 08:54:40,196 [Worker-264] INFO  o.e.m.j.i.AbstractJavaProjectConfigurator - Adding source folder /SpringMVC/src/test/java
2017-07-15 08:54:40,587 [Worker-264] INFO  o.e.m.c.i.p.ProjectConfigurationManager - Update completed: 6 sec
2017-07-15 08:54:41,837 [Worker-264] INFO  o.e.m.c.i.embedder.EclipseLogger - Using 'UTF-8' encoding to copy filtered resources.
2017-07-15 08:54:41,837 [Worker-264] INFO  o.e.m.c.i.embedder.EclipseLogger - Copying 0 resource
2017-07-15 08:54:41,837 [Worker-264] INFO  o.e.m.c.i.embedder.EclipseLogger - Using 'UTF-8' encoding to copy filtered resources.
2017-07-15 08:54:41,837 [Worker-264] INFO  o.e.m.c.i.embedder.EclipseLogger - skip non existing resourceDirectory D:\ABCofSpring\SpringMVC\src\test\resources
2017-07-15 08:54:54,463 [main] INFO  o.e.m2e.actions.ExecutePomAction - Creating new launch configuration
2017-07-15 08:55:02,713 [Worker-268] INFO  o.e.m.i.launch.MavenLaunchDelegate - D:\ABCofSpring\SpringMVC
2017-07-15 08:55:02,713 [Worker-268] INFO  o.e.m.i.launch.MavenLaunchDelegate -  mvn  -B run
2017-07-17 11:33:28,144 [Worker-0] INFO  o.e.m.c.i.embedder.EclipseLogger - Using 'UTF-8' encoding to copy filtered resources.
2017-07-17 11:33:28,222 [Worker-0] INFO  o.e.m.c.i.embedder.EclipseLogger - Copying 0 resource
2017-07-17 11:33:28,222 [Worker-0] INFO  o.e.m.c.i.embedder.EclipseLogger - Using 'UTF-8' encoding to copy filtered resources.
2017-07-17 11:33:28,222 [Worker-0] INFO  o.e.m.c.i.embedder.EclipseLogger - skip non existing resourceDirectory D:\ABCofSpring\SpringMVC\src\test\resources
2017-07-17 11:33:29,644 [Worker-1] WARN  o.e.m.c.i.embedder.EclipseLogger - Using platform encoding (Cp1252 actually) to copy filtered resources, i.e. build is platform dependent!
2017-07-17 11:33:29,644 [Worker-1] INFO  o.e.m.c.i.embedder.EclipseLogger - Copying 0 resource
2017-07-17 11:33:29,644 [Worker-1] WARN  o.e.m.c.i.embedder.EclipseLogger - Using platform encoding (Cp1252 actually) to copy filtered resources, i.e. build is platform dependent!
2017-07-17 11:33:29,644 [Worker-1] INFO  o.e.m.c.i.embedder.EclipseLogger - skip non existing resourceDirectory D:\spring3-mvc-maven-xml-hello-world\src\test\resources
